<?xml version="1.0" encoding="UTF-8"?>
<coverage generated="1652157827103" clover="3.2.0">
  <project timestamp="1652157827103" name="All files">
    <metrics statements="127" coveredstatements="96" conditionals="153" coveredconditionals="69" methods="48" coveredmethods="35" elements="328" coveredelements="200" complexity="0" loc="127" ncloc="127" packages="4" files="4" classes="4"/>
    <package name="src">
      <metrics statements="4" coveredstatements="4" conditionals="0" coveredconditionals="0" methods="0" coveredmethods="0"/>
      <file name="db.js" path="/home/guilhermealves/TestsPrejects/base-afiliados/src/db.js">
        <metrics statements="4" coveredstatements="4" conditionals="0" coveredconditionals="0" methods="0" coveredmethods="0"/>
        <line num="2" count="1" type="stmt"/>
        <line num="3" count="1" type="stmt"/>
        <line num="4" count="1" type="stmt"/>
        <line num="8" count="1" type="stmt"/>
      </file>
    </package>
    <package name="src.app.models">
      <metrics statements="6" coveredstatements="6" conditionals="0" coveredconditionals="0" methods="0" coveredmethods="0"/>
      <file name="Affiliate.js" path="/home/guilhermealves/TestsPrejects/base-afiliados/src/app/models/Affiliate.js">
        <metrics statements="6" coveredstatements="6" conditionals="0" coveredconditionals="0" methods="0" coveredmethods="0"/>
        <line num="2" count="1" type="stmt"/>
        <line num="3" count="1" type="stmt"/>
        <line num="4" count="1" type="stmt"/>
        <line num="5" count="1" type="stmt"/>
        <line num="30" count="1" type="stmt"/>
        <line num="31" count="1" type="stmt"/>
      </file>
    </package>
    <package name="src.app.repositories">
      <metrics statements="65" coveredstatements="48" conditionals="77" coveredconditionals="35" methods="26" coveredmethods="19"/>
      <file name="AffiliateRepository.js" path="/home/guilhermealves/TestsPrejects/base-afiliados/src/app/repositories/AffiliateRepository.js">
        <metrics statements="65" coveredstatements="48" conditionals="77" coveredconditionals="35" methods="26" coveredmethods="19"/>
        <line num="2" count="1" type="cond" truecount="2" falsecount="1"/>
        <line num="3" count="4" type="cond" truecount="1" falsecount="1"/>
        <line num="4" count="2" type="cond" truecount="2" falsecount="0"/>
        <line num="5" count="4" type="stmt"/>
        <line num="6" count="0" type="stmt"/>
        <line num="7" count="6" type="cond" truecount="2" falsecount="0"/>
        <line num="8" count="2" type="cond" truecount="2" falsecount="0"/>
        <line num="11" count="1" type="cond" truecount="2" falsecount="1"/>
        <line num="12" count="4" type="cond" truecount="1" falsecount="1"/>
        <line num="13" count="2" type="cond" truecount="2" falsecount="0"/>
        <line num="14" count="6" type="stmt"/>
        <line num="16" count="6" type="cond" truecount="1" falsecount="1"/>
        <line num="17" count="12" type="stmt"/>
        <line num="18" count="12" type="cond" truecount="2" falsecount="11"/>
        <line num="19" count="12" type="cond" truecount="1" falsecount="1"/>
        <line num="20" count="12" type="cond" truecount="4" falsecount="2"/>
        <line num="21" count="6" type="stmt"/>
        <line num="22" count="4" type="stmt"/>
        <line num="23" count="0" type="stmt"/>
        <line num="24" count="0" type="stmt"/>
        <line num="26" count="2" type="cond" truecount="5" falsecount="2"/>
        <line num="27" count="0" type="cond" truecount="0" falsecount="6"/>
        <line num="28" count="0" type="cond" truecount="0" falsecount="4"/>
        <line num="29" count="0" type="cond" truecount="0" falsecount="4"/>
        <line num="30" count="0" type="cond" truecount="0" falsecount="2"/>
        <line num="31" count="0" type="stmt"/>
        <line num="33" count="6" type="stmt"/>
        <line num="34" count="12" type="stmt"/>
        <line num="35" count="2" type="cond" truecount="2" falsecount="2"/>
        <line num="38" count="1" type="stmt"/>
        <line num="39" count="1" type="stmt"/>
        <line num="40" count="1" type="stmt"/>
        <line num="41" count="1" type="stmt"/>
        <line num="43" count="1" type="stmt"/>
        <line num="44" count="1" type="stmt"/>
        <line num="45" count="1" type="stmt"/>
        <line num="48" count="0" type="stmt"/>
        <line num="51" count="1" type="stmt"/>
        <line num="52" count="0" type="stmt"/>
        <line num="53" count="0" type="stmt"/>
        <line num="54" count="0" type="cond" truecount="0" falsecount="3"/>
        <line num="55" count="0" type="stmt"/>
        <line num="57" count="0" type="stmt"/>
        <line num="58" count="0" type="stmt"/>
        <line num="59" count="0" type="stmt"/>
        <line num="64" count="1" type="stmt"/>
        <line num="65" count="1" type="stmt"/>
        <line num="66" count="1" type="stmt"/>
        <line num="67" count="3" type="cond" truecount="3" falsecount="0"/>
        <line num="68" count="1" type="stmt"/>
        <line num="70" count="1" type="stmt"/>
        <line num="71" count="1" type="stmt"/>
        <line num="76" count="1" type="stmt"/>
        <line num="81" count="1" type="stmt"/>
        <line num="82" count="1" type="stmt"/>
        <line num="83" count="1" type="stmt"/>
        <line num="84" count="3" type="cond" truecount="3" falsecount="0"/>
        <line num="85" count="1" type="stmt"/>
        <line num="87" count="1" type="stmt"/>
        <line num="88" count="1" type="stmt"/>
        <line num="95" count="0" type="stmt"/>
        <line num="97" count="1" type="stmt"/>
        <line num="99" count="1" type="stmt"/>
        <line num="104" count="1" type="stmt"/>
        <line num="106" count="1" type="stmt"/>
      </file>
    </package>
    <package name="src.app.services">
      <metrics statements="52" coveredstatements="38" conditionals="76" coveredconditionals="34" methods="22" coveredmethods="16"/>
      <file name="AffiliateService.js" path="/home/guilhermealves/TestsPrejects/base-afiliados/src/app/services/AffiliateService.js">
        <metrics statements="52" coveredstatements="38" conditionals="76" coveredconditionals="34" methods="22" coveredmethods="16"/>
        <line num="2" count="1" type="cond" truecount="2" falsecount="1"/>
        <line num="3" count="2" type="cond" truecount="1" falsecount="1"/>
        <line num="4" count="2" type="cond" truecount="2" falsecount="0"/>
        <line num="5" count="2" type="stmt"/>
        <line num="6" count="0" type="stmt"/>
        <line num="7" count="4" type="cond" truecount="2" falsecount="0"/>
        <line num="8" count="2" type="cond" truecount="2" falsecount="0"/>
        <line num="11" count="1" type="cond" truecount="2" falsecount="1"/>
        <line num="12" count="2" type="cond" truecount="1" falsecount="1"/>
        <line num="13" count="2" type="cond" truecount="2" falsecount="0"/>
        <line num="14" count="6" type="stmt"/>
        <line num="16" count="4" type="cond" truecount="1" falsecount="1"/>
        <line num="17" count="8" type="stmt"/>
        <line num="18" count="8" type="cond" truecount="2" falsecount="11"/>
        <line num="19" count="8" type="cond" truecount="1" falsecount="1"/>
        <line num="20" count="8" type="cond" truecount="4" falsecount="2"/>
        <line num="21" count="4" type="stmt"/>
        <line num="22" count="2" type="stmt"/>
        <line num="23" count="0" type="stmt"/>
        <line num="24" count="0" type="stmt"/>
        <line num="26" count="2" type="cond" truecount="5" falsecount="2"/>
        <line num="27" count="0" type="cond" truecount="0" falsecount="6"/>
        <line num="28" count="0" type="cond" truecount="0" falsecount="4"/>
        <line num="29" count="0" type="cond" truecount="0" falsecount="4"/>
        <line num="30" count="0" type="cond" truecount="0" falsecount="2"/>
        <line num="31" count="0" type="stmt"/>
        <line num="33" count="4" type="stmt"/>
        <line num="34" count="8" type="stmt"/>
        <line num="35" count="2" type="cond" truecount="2" falsecount="2"/>
        <line num="38" count="1" type="stmt"/>
        <line num="39" count="1" type="stmt"/>
        <line num="41" count="0" type="stmt"/>
        <line num="42" count="0" type="stmt"/>
        <line num="43" count="0" type="cond" truecount="0" falsecount="2"/>
        <line num="44" count="0" type="stmt"/>
        <line num="45" count="0" type="stmt"/>
        <line num="50" count="1" type="stmt"/>
        <line num="52" count="1" type="stmt"/>
        <line num="54" count="1" type="stmt"/>
        <line num="55" count="2" type="cond" truecount="2" falsecount="0"/>
        <line num="56" count="1" type="stmt"/>
        <line num="58" count="1" type="stmt"/>
        <line num="59" count="1" type="cond" truecount="1" falsecount="1"/>
        <line num="60" count="1" type="stmt"/>
        <line num="63" count="0" type="stmt"/>
        <line num="68" count="1" type="stmt"/>
        <line num="70" count="1" type="stmt"/>
        <line num="71" count="1" type="stmt"/>
        <line num="72" count="2" type="cond" truecount="2" falsecount="0"/>
        <line num="73" count="1" type="stmt"/>
        <line num="74" count="1" type="stmt"/>
        <line num="79" count="1" type="stmt"/>
      </file>
    </package>
  </project>
</coverage>
