{"/home/guilhermealves/TestsPrejects/base-afiliados/src/db.ts": {"path":"/home/guilhermealves/TestsPrejects/base-afiliados/src/db.ts","statementMap":{"0":{"start":{"line":3,"column":17},"end":{"line":6,"column":2}}},"fnMap":{},"branchMap":{},"s":{"0":1},"f":{},"b":{},"_coverageSchema":"1a1c01bbd47fc00a2c39e90264f33305004495a9","hash":"cb1585a9ce34fafbbb42139fa402a58d392bf796"}
,"/home/guilhermealves/TestsPrejects/base-afiliados/src/app/models/Affiliate.ts": {"path":"/home/guilhermealves/TestsPrejects/base-afiliados/src/app/models/Affiliate.ts","statementMap":{"0":{"start":{"line":4,"column":18},"end":{"line":28,"column":2}},"1":{"start":{"line":30,"column":0},"end":{"line":30,"column":53}}},"fnMap":{},"branchMap":{},"s":{"0":1,"1":1},"f":{},"b":{},"_coverageSchema":"1a1c01bbd47fc00a2c39e90264f33305004495a9","hash":"df7f50ce5023629f143935bba84e6c2cd55bcb3d"}
,"/home/guilhermealves/TestsPrejects/base-afiliados/src/app/repositories/AffiliateRepository.ts": {"path":"/home/guilhermealves/TestsPrejects/base-afiliados/src/app/repositories/AffiliateRepository.ts","statementMap":{"0":{"start":{"line":9,"column":8},"end":{"line":14,"column":9}},"1":{"start":{"line":10,"column":12},"end":{"line":10,"column":36}},"2":{"start":{"line":11,"column":12},"end":{"line":11,"column":55}},"3":{"start":{"line":13,"column":12},"end":{"line":13,"column":54}},"4":{"start":{"line":19,"column":8},"end":{"line":19,"column":30}},"5":{"start":{"line":21,"column":8},"end":{"line":21,"column":41}},"6":{"start":{"line":26,"column":8},"end":{"line":26,"column":30}},"7":{"start":{"line":28,"column":8},"end":{"line":32,"column":11}},"8":{"start":{"line":37,"column":8},"end":{"line":37,"column":30}},"9":{"start":{"line":39,"column":8},"end":{"line":52,"column":11}},"10":{"start":{"line":48,"column":12},"end":{"line":48,"column":37}},"11":{"start":{"line":51,"column":12},"end":{"line":51,"column":67}}},"fnMap":{"0":{"name":"(anonymous_0)","decl":{"start":{"line":7,"column":4},"end":{"line":7,"column":5}},"loc":{"start":{"line":8,"column":4},"end":{"line":15,"column":5}},"line":8},"1":{"name":"(anonymous_1)","decl":{"start":{"line":17,"column":4},"end":{"line":17,"column":5}},"loc":{"start":{"line":18,"column":4},"end":{"line":22,"column":5}},"line":18},"2":{"name":"(anonymous_2)","decl":{"start":{"line":24,"column":4},"end":{"line":24,"column":5}},"loc":{"start":{"line":25,"column":4},"end":{"line":33,"column":5}},"line":25},"3":{"name":"(anonymous_3)","decl":{"start":{"line":35,"column":4},"end":{"line":35,"column":5}},"loc":{"start":{"line":36,"column":4},"end":{"line":53,"column":5}},"line":36},"4":{"name":"(anonymous_4)","decl":{"start":{"line":47,"column":15},"end":{"line":47,"column":16}},"loc":{"start":{"line":47,"column":22},"end":{"line":50,"column":9}},"line":47},"5":{"name":"(anonymous_5)","decl":{"start":{"line":50,"column":17},"end":{"line":50,"column":18}},"loc":{"start":{"line":50,"column":24},"end":{"line":52,"column":9}},"line":50}},"branchMap":{},"s":{"0":1,"1":1,"2":1,"3":0,"4":0,"5":0,"6":1,"7":1,"8":1,"9":1,"10":1,"11":0},"f":{"0":1,"1":0,"2":1,"3":1,"4":1,"5":0},"b":{},"_coverageSchema":"1a1c01bbd47fc00a2c39e90264f33305004495a9","hash":"8f5be5c641b18d75bf2cf6476aa63a7d117bac0e"}
,"/home/guilhermealves/TestsPrejects/base-afiliados/src/app/services/AffiliateService.ts": {"path":"/home/guilhermealves/TestsPrejects/base-afiliados/src/app/services/AffiliateService.ts","statementMap":{"0":{"start":{"line":6,"column":4},"end":{"line":6,"column":47}},"1":{"start":{"line":11,"column":18},"end":{"line":11,"column":58}},"2":{"start":{"line":13,"column":4},"end":{"line":15,"column":5}},"3":{"start":{"line":14,"column":8},"end":{"line":14,"column":20}},"4":{"start":{"line":19,"column":4},"end":{"line":19,"column":17}},"5":{"start":{"line":24,"column":4},"end":{"line":24,"column":50}}},"fnMap":{"0":{"name":"findAllStudents","decl":{"start":{"line":4,"column":22},"end":{"line":4,"column":37}},"loc":{"start":{"line":5,"column":0},"end":{"line":7,"column":1}},"line":5},"1":{"name":"checkIsStudentByCpf","decl":{"start":{"line":9,"column":22},"end":{"line":9,"column":41}},"loc":{"start":{"line":10,"column":0},"end":{"line":20,"column":1}},"line":10},"2":{"name":"registerStudent","decl":{"start":{"line":22,"column":22},"end":{"line":22,"column":37}},"loc":{"start":{"line":23,"column":0},"end":{"line":25,"column":1}},"line":23}},"branchMap":{"0":{"loc":{"start":{"line":13,"column":4},"end":{"line":15,"column":5}},"type":"if","locations":[{"start":{"line":13,"column":4},"end":{"line":15,"column":5}},{"start":{},"end":{}}],"line":13}},"s":{"0":0,"1":1,"2":1,"3":1,"4":0,"5":1},"f":{"0":0,"1":1,"2":1},"b":{"0":[1,0]},"_coverageSchema":"1a1c01bbd47fc00a2c39e90264f33305004495a9","hash":"84063f0e0668ac9fc429b3fd2588062cc8e22653"}
}
