TN:
SF:src/db.js
FNF:0
FNH:0
DA:2,1
DA:3,1
DA:4,1
DA:8,1
LF:4
LH:4
BRF:0
BRH:0
end_of_record
TN:
SF:src/app/models/Affiliate.js
FNF:0
FNH:0
DA:2,1
DA:3,1
DA:4,1
DA:5,1
DA:30,1
DA:31,1
LF:6
LH:6
BRF:0
BRH:0
end_of_record
TN:
SF:src/app/repositories/AffiliateRepository.js
FN:2,(anonymous_0)
FN:3,adopt
FN:3,(anonymous_2)
FN:4,(anonymous_3)
FN:5,fulfilled
FN:6,rejected
FN:7,step
FN:11,(anonymous_7)
FN:12,(anonymous_8)
FN:13,(anonymous_9)
FN:14,verb
FN:14,(anonymous_11)
FN:15,step
FN:41,(anonymous_13)
FN:42,AffiliateRepository
FN:51,(anonymous_15)
FN:52,(anonymous_16)
FN:53,(anonymous_17)
FN:64,(anonymous_18)
FN:65,(anonymous_19)
FN:66,(anonymous_20)
FN:81,(anonymous_21)
FN:82,(anonymous_22)
FN:83,(anonymous_23)
FN:94,(anonymous_24)
FN:96,(anonymous_25)
FNF:26
FNH:19
FNDA:2,(anonymous_0)
FNDA:4,adopt
FNDA:0,(anonymous_2)
FNDA:2,(anonymous_3)
FNDA:4,fulfilled
FNDA:0,rejected
FNDA:6,step
FNDA:2,(anonymous_7)
FNDA:4,(anonymous_8)
FNDA:0,(anonymous_9)
FNDA:6,verb
FNDA:6,(anonymous_11)
FNDA:6,step
FNDA:1,(anonymous_13)
FNDA:1,AffiliateRepository
FNDA:0,(anonymous_15)
FNDA:0,(anonymous_16)
FNDA:0,(anonymous_17)
FNDA:1,(anonymous_18)
FNDA:1,(anonymous_19)
FNDA:3,(anonymous_20)
FNDA:1,(anonymous_21)
FNDA:1,(anonymous_22)
FNDA:3,(anonymous_23)
FNDA:0,(anonymous_24)
FNDA:1,(anonymous_25)
DA:2,1
DA:3,4
DA:4,2
DA:5,4
DA:6,0
DA:7,6
DA:8,2
DA:11,1
DA:12,4
DA:13,2
DA:14,6
DA:16,6
DA:17,12
DA:18,12
DA:19,12
DA:20,12
DA:21,6
DA:22,4
DA:23,0
DA:24,0
DA:26,2
DA:27,0
DA:28,0
DA:29,0
DA:30,0
DA:31,0
DA:33,6
DA:34,12
DA:35,2
DA:38,1
DA:39,1
DA:40,1
DA:41,1
DA:43,1
DA:44,1
DA:45,1
DA:48,0
DA:51,1
DA:52,0
DA:53,0
DA:54,0
DA:55,0
DA:57,0
DA:58,0
DA:59,0
DA:64,1
DA:65,1
DA:66,1
DA:67,3
DA:68,1
DA:70,1
DA:71,1
DA:76,1
DA:81,1
DA:82,1
DA:83,1
DA:84,3
DA:85,1
DA:87,1
DA:88,1
DA:95,0
DA:97,1
DA:99,1
DA:104,1
DA:106,1
LF:65
LH:48
BRDA:2,0,0,1
BRDA:2,0,1,0
BRDA:2,0,2,1
BRDA:3,1,0,4
BRDA:3,1,1,0
BRDA:4,2,0,2
BRDA:4,2,1,2
BRDA:7,3,0,2
BRDA:7,3,1,4
BRDA:8,4,0,2
BRDA:8,4,1,2
BRDA:11,5,0,1
BRDA:11,5,1,0
BRDA:11,5,2,1
BRDA:12,6,0,0
BRDA:12,6,1,4
BRDA:13,7,0,2
BRDA:13,7,1,2
BRDA:16,8,0,0
BRDA:16,8,1,6
BRDA:18,9,0,0
BRDA:18,9,1,12
BRDA:18,10,0,12
BRDA:18,10,1,0
BRDA:18,10,2,0
BRDA:18,11,0,0
BRDA:18,11,1,0
BRDA:18,12,0,0
BRDA:18,12,1,0
BRDA:18,13,0,0
BRDA:18,13,1,0
BRDA:18,14,0,0
BRDA:18,14,1,0
BRDA:19,15,0,0
BRDA:19,15,1,12
BRDA:20,16,0,6
BRDA:20,16,1,6
BRDA:20,16,2,4
BRDA:20,16,3,0
BRDA:20,16,4,0
BRDA:20,16,5,2
BRDA:26,17,0,2
BRDA:26,17,1,0
BRDA:26,18,0,2
BRDA:26,18,1,2
BRDA:26,18,2,2
BRDA:26,19,0,2
BRDA:26,19,1,0
BRDA:27,20,0,0
BRDA:27,20,1,0
BRDA:27,21,0,0
BRDA:27,21,1,0
BRDA:27,21,2,0
BRDA:27,21,3,0
BRDA:28,22,0,0
BRDA:28,22,1,0
BRDA:28,23,0,0
BRDA:28,23,1,0
BRDA:29,24,0,0
BRDA:29,24,1,0
BRDA:29,25,0,0
BRDA:29,25,1,0
BRDA:30,26,0,0
BRDA:30,26,1,0
BRDA:35,27,0,0
BRDA:35,27,1,2
BRDA:35,28,0,2
BRDA:35,28,1,0
BRDA:54,29,0,0
BRDA:54,29,1,0
BRDA:54,29,2,0
BRDA:67,30,0,1
BRDA:67,30,1,1
BRDA:67,30,2,1
BRDA:84,31,0,1
BRDA:84,31,1,1
BRDA:84,31,2,1
BRF:77
BRH:35
end_of_record
TN:
SF:src/app/services/AffiliateService.js
FN:2,(anonymous_0)
FN:3,adopt
FN:3,(anonymous_2)
FN:4,(anonymous_3)
FN:5,fulfilled
FN:6,rejected
FN:7,step
FN:11,(anonymous_7)
FN:12,(anonymous_8)
FN:13,(anonymous_9)
FN:14,verb
FN:14,(anonymous_11)
FN:15,step
FN:40,findAllStudents
FN:41,(anonymous_14)
FN:42,(anonymous_15)
FN:51,checkIsStudentByCpf
FN:52,(anonymous_17)
FN:54,(anonymous_18)
FN:69,registerStudent
FN:70,(anonymous_20)
FN:71,(anonymous_21)
FNF:22
FNH:16
FNDA:2,(anonymous_0)
FNDA:2,adopt
FNDA:0,(anonymous_2)
FNDA:2,(anonymous_3)
FNDA:2,fulfilled
FNDA:0,rejected
FNDA:4,step
FNDA:2,(anonymous_7)
FNDA:2,(anonymous_8)
FNDA:0,(anonymous_9)
FNDA:6,verb
FNDA:4,(anonymous_11)
FNDA:4,step
FNDA:0,findAllStudents
FNDA:0,(anonymous_14)
FNDA:0,(anonymous_15)
FNDA:1,checkIsStudentByCpf
FNDA:1,(anonymous_17)
FNDA:2,(anonymous_18)
FNDA:1,registerStudent
FNDA:1,(anonymous_20)
FNDA:2,(anonymous_21)
DA:2,1
DA:3,2
DA:4,2
DA:5,2
DA:6,0
DA:7,4
DA:8,2
DA:11,1
DA:12,2
DA:13,2
DA:14,6
DA:16,4
DA:17,8
DA:18,8
DA:19,8
DA:20,8
DA:21,4
DA:22,2
DA:23,0
DA:24,0
DA:26,2
DA:27,0
DA:28,0
DA:29,0
DA:30,0
DA:31,0
DA:33,4
DA:34,8
DA:35,2
DA:38,1
DA:39,1
DA:41,0
DA:42,0
DA:43,0
DA:44,0
DA:45,0
DA:50,1
DA:52,1
DA:54,1
DA:55,2
DA:56,1
DA:58,1
DA:59,1
DA:60,1
DA:63,0
DA:68,1
DA:70,1
DA:71,1
DA:72,2
DA:73,1
DA:74,1
DA:79,1
LF:52
LH:38
BRDA:2,0,0,1
BRDA:2,0,1,0
BRDA:2,0,2,1
BRDA:3,1,0,2
BRDA:3,1,1,0
BRDA:4,2,0,2
BRDA:4,2,1,2
BRDA:7,3,0,2
BRDA:7,3,1,2
BRDA:8,4,0,2
BRDA:8,4,1,2
BRDA:11,5,0,1
BRDA:11,5,1,0
BRDA:11,5,2,1
BRDA:12,6,0,0
BRDA:12,6,1,2
BRDA:13,7,0,2
BRDA:13,7,1,2
BRDA:16,8,0,0
BRDA:16,8,1,4
BRDA:18,9,0,0
BRDA:18,9,1,8
BRDA:18,10,0,8
BRDA:18,10,1,0
BRDA:18,10,2,0
BRDA:18,11,0,0
BRDA:18,11,1,0
BRDA:18,12,0,0
BRDA:18,12,1,0
BRDA:18,13,0,0
BRDA:18,13,1,0
BRDA:18,14,0,0
BRDA:18,14,1,0
BRDA:19,15,0,0
BRDA:19,15,1,8
BRDA:20,16,0,4
BRDA:20,16,1,4
BRDA:20,16,2,2
BRDA:20,16,3,0
BRDA:20,16,4,0
BRDA:20,16,5,2
BRDA:26,17,0,2
BRDA:26,17,1,0
BRDA:26,18,0,2
BRDA:26,18,1,2
BRDA:26,18,2,2
BRDA:26,19,0,2
BRDA:26,19,1,0
BRDA:27,20,0,0
BRDA:27,20,1,0
BRDA:27,21,0,0
BRDA:27,21,1,0
BRDA:27,21,2,0
BRDA:27,21,3,0
BRDA:28,22,0,0
BRDA:28,22,1,0
BRDA:28,23,0,0
BRDA:28,23,1,0
BRDA:29,24,0,0
BRDA:29,24,1,0
BRDA:29,25,0,0
BRDA:29,25,1,0
BRDA:30,26,0,0
BRDA:30,26,1,0
BRDA:35,27,0,0
BRDA:35,27,1,2
BRDA:35,28,0,2
BRDA:35,28,1,0
BRDA:43,29,0,0
BRDA:43,29,1,0
BRDA:55,30,0,1
BRDA:55,30,1,1
BRDA:59,31,0,1
BRDA:59,31,1,0
BRDA:72,32,0,1
BRDA:72,32,1,1
BRF:76
BRH:34
end_of_record
