TN:
SF:src/db.ts
FNF:0
FNH:0
DA:3,1
LF:1
LH:1
BRF:0
BRH:0
end_of_record
TN:
SF:src/app/models/Affiliate.ts
FNF:0
FNH:0
DA:4,1
DA:30,1
LF:2
LH:2
BRF:0
BRH:0
end_of_record
TN:
SF:src/app/repositories/AffiliateRepository.ts
FN:7,(anonymous_0)
FN:17,(anonymous_1)
FN:24,(anonymous_2)
FN:35,(anonymous_3)
FN:47,(anonymous_4)
FN:50,(anonymous_5)
FNF:6
FNH:4
FNDA:1,(anonymous_0)
FNDA:0,(anonymous_1)
FNDA:1,(anonymous_2)
FNDA:1,(anonymous_3)
FNDA:1,(anonymous_4)
FNDA:0,(anonymous_5)
DA:9,1
DA:10,1
DA:11,1
DA:13,0
DA:19,0
DA:21,0
DA:26,1
DA:28,1
DA:37,1
DA:39,1
DA:48,1
DA:51,0
LF:12
LH:8
BRF:0
BRH:0
end_of_record
TN:
SF:src/app/services/AffiliateService.ts
FN:4,findAllStudents
FN:9,checkIsStudentByCpf
FN:22,registerStudent
FNF:3
FNH:2
FNDA:0,findAllStudents
FNDA:1,checkIsStudentByCpf
FNDA:1,registerStudent
DA:6,0
DA:11,1
DA:13,1
DA:14,1
DA:19,0
DA:24,1
LF:6
LH:4
BRDA:13,0,0,1
BRDA:13,0,1,0
BRF:2
BRH:1
end_of_record
